2019-04-04 11:04:51,912 da00528 poc-quarkus-1.0-SNAPSHOT-runner.jar[25497] DEBUG [org.hib.Version] (main) HHH000412: Hibernate Core {5.4.1.Final}
2019-04-04 11:04:51,945 da00528 poc-quarkus-1.0-SNAPSHOT-runner.jar[25497] DEBUG [org.hib.ann.com.Version] (main) HCANN000001: Hibernate Commons Annotations {5.1.0.Final}
2019-04-04 11:04:52,016 da00528 poc-quarkus-1.0-SNAPSHOT-runner.jar[25497] DEBUG [org.hib.dia.Dialect] (main) HHH000400: Using dialect: org.hibernate.dialect.PostgreSQL95Dialect
2019-04-04 11:04:52,570 da00528 poc-quarkus-1.0-SNAPSHOT-runner.jar[25497] DEBUG [com.arj.ats.arjuna] (main) ARJUNA012170: TransactionStatusManager started on port 34421 and host 127.0.0.1 with service com.arjuna.ats.arjuna.recovery.ActionStatusService
2019-04-04 11:04:52,699 da00528 poc-quarkus-1.0-SNAPSHOT-runner.jar[25497] DEBUG [org.hib.orm.beans] (main) HHH10005002: No explicit CDI BeanManager reference was passed to Hibernate, but CDI is available on the Hibernate ClassLoader.
2019-04-04 11:04:52,834 da00528 poc-quarkus-1.0-SNAPSHOT-runner.jar[25497] DEBUG [org.hib.eng.tra.jta.pla.int.JtaPlatformInitiator] (main) HHH000490: Using JtaPlatform implementation: [org.hibernate.engine.transaction.jta.platform.internal.JBossStandAloneJtaPlatform]
2019-04-04 11:04:53,092 da00528 poc-quarkus-1.0-SNAPSHOT-runner.jar[25497] DEBUG [org.xnio] (main) XNIO version 3.7.0.Final
2019-04-04 11:04:53,104 da00528 poc-quarkus-1.0-SNAPSHOT-runner.jar[25497] DEBUG [org.xni.nio] (main) XNIO NIO Implementation Version 3.7.0.Final
2019-04-04 11:04:53,161 da00528 poc-quarkus-1.0-SNAPSHOT-runner.jar[25497] DEBUG [org.jbo.threads] (main) JBoss Threads version 3.0.0.Alpha4
2019-04-04 11:04:53,204 da00528 poc-quarkus-1.0-SNAPSHOT-runner.jar[25497] INFO  [io.quarkus] (main) Quarkus 0.12.0 started in 1.563s. Listening on: http://[::]:8080
2019-04-04 11:04:53,206 da00528 poc-quarkus-1.0-SNAPSHOT-runner.jar[25497] INFO  [io.quarkus] (main) Installed features: [agroal, cdi, hibernate-orm, jdbc-postgresql, narayana-jta, resteasy, resteasy-jsonb]
2019-04-04 11:06:52,161 da00528 poc-quarkus-1.0-SNAPSHOT-runner.jar[25497] INFO  [io.quarkus] (main) Quarkus stopped in 0.022s
2019-04-04 11:07:34,795 da00528 poc-quarkus-1.0-SNAPSHOT-runner.jar[26932] DEBUG [org.hib.Version] (main) HHH000412: Hibernate Core {5.4.1.Final}
2019-04-04 11:07:34,836 da00528 poc-quarkus-1.0-SNAPSHOT-runner.jar[26932] DEBUG [org.hib.ann.com.Version] (main) HCANN000001: Hibernate Commons Annotations {5.1.0.Final}
2019-04-04 11:07:34,934 da00528 poc-quarkus-1.0-SNAPSHOT-runner.jar[26932] DEBUG [org.hib.dia.Dialect] (main) HHH000400: Using dialect: org.hibernate.dialect.PostgreSQL95Dialect
2019-04-04 11:07:35,718 da00528 poc-quarkus-1.0-SNAPSHOT-runner.jar[26932] DEBUG [com.arj.ats.arjuna] (main) ARJUNA012170: TransactionStatusManager started on port 44665 and host 127.0.0.1 with service com.arjuna.ats.arjuna.recovery.ActionStatusService
2019-04-04 11:07:35,853 da00528 poc-quarkus-1.0-SNAPSHOT-runner.jar[26932] DEBUG [org.hib.orm.beans] (main) HHH10005002: No explicit CDI BeanManager reference was passed to Hibernate, but CDI is available on the Hibernate ClassLoader.
2019-04-04 11:07:36,038 da00528 poc-quarkus-1.0-SNAPSHOT-runner.jar[26932] DEBUG [org.hib.eng.tra.jta.pla.int.JtaPlatformInitiator] (main) HHH000490: Using JtaPlatform implementation: [org.hibernate.engine.transaction.jta.platform.internal.JBossStandAloneJtaPlatform]
2019-04-04 11:07:36,365 da00528 poc-quarkus-1.0-SNAPSHOT-runner.jar[26932] DEBUG [org.xnio] (main) XNIO version 3.7.0.Final
2019-04-04 11:07:36,384 da00528 poc-quarkus-1.0-SNAPSHOT-runner.jar[26932] DEBUG [org.xni.nio] (main) XNIO NIO Implementation Version 3.7.0.Final
2019-04-04 11:07:36,445 da00528 poc-quarkus-1.0-SNAPSHOT-runner.jar[26932] DEBUG [org.jbo.threads] (main) JBoss Threads version 3.0.0.Alpha4
2019-04-04 11:07:36,506 da00528 poc-quarkus-1.0-SNAPSHOT-runner.jar[26932] INFO  [io.quarkus] (main) Quarkus 0.12.0 started in 2.053s. Listening on: http://[::]:8080
2019-04-04 11:07:36,509 da00528 poc-quarkus-1.0-SNAPSHOT-runner.jar[26932] INFO  [io.quarkus] (main) Installed features: [agroal, cdi, hibernate-orm, jdbc-postgresql, narayana-jta, resteasy, resteasy-jsonb]
2019-04-04 11:08:27,980 da00528 poc-quarkus-1.0-SNAPSHOT-runner.jar[26932] INFO  [io.quarkus] (main) Quarkus stopped in 0.021s
2019-04-04 11:08:36,647 da00528 poc-quarkus-1.0-SNAPSHOT-runner.jar[27596] DEBUG [org.hib.Version] (main) HHH000412: Hibernate Core {5.4.1.Final}
2019-04-04 11:08:36,693 da00528 poc-quarkus-1.0-SNAPSHOT-runner.jar[27596] DEBUG [org.hib.ann.com.Version] (main) HCANN000001: Hibernate Commons Annotations {5.1.0.Final}
2019-04-04 11:08:36,788 da00528 poc-quarkus-1.0-SNAPSHOT-runner.jar[27596] DEBUG [org.hib.dia.Dialect] (main) HHH000400: Using dialect: org.hibernate.dialect.PostgreSQL95Dialect
2019-04-04 11:08:37,527 da00528 poc-quarkus-1.0-SNAPSHOT-runner.jar[27596] DEBUG [com.arj.ats.arjuna] (main) ARJUNA012170: TransactionStatusManager started on port 36349 and host 127.0.0.1 with service com.arjuna.ats.arjuna.recovery.ActionStatusService
2019-04-04 11:08:37,682 da00528 poc-quarkus-1.0-SNAPSHOT-runner.jar[27596] DEBUG [org.hib.orm.beans] (main) HHH10005002: No explicit CDI BeanManager reference was passed to Hibernate, but CDI is available on the Hibernate ClassLoader.
2019-04-04 11:08:37,832 da00528 poc-quarkus-1.0-SNAPSHOT-runner.jar[27596] DEBUG [org.hib.eng.tra.jta.pla.int.JtaPlatformInitiator] (main) HHH000490: Using JtaPlatform implementation: [org.hibernate.engine.transaction.jta.platform.internal.JBossStandAloneJtaPlatform]
2019-04-04 11:08:38,124 da00528 poc-quarkus-1.0-SNAPSHOT-runner.jar[27596] DEBUG [org.xnio] (main) XNIO version 3.7.0.Final
2019-04-04 11:08:38,144 da00528 poc-quarkus-1.0-SNAPSHOT-runner.jar[27596] DEBUG [org.xni.nio] (main) XNIO NIO Implementation Version 3.7.0.Final
2019-04-04 11:08:38,207 da00528 poc-quarkus-1.0-SNAPSHOT-runner.jar[27596] DEBUG [org.jbo.threads] (main) JBoss Threads version 3.0.0.Alpha4
2019-04-04 11:08:38,274 da00528 poc-quarkus-1.0-SNAPSHOT-runner.jar[27596] INFO  [io.quarkus] (main) Quarkus 0.12.0 started in 1.990s. Listening on: http://[::]:8080
2019-04-04 11:08:38,278 da00528 poc-quarkus-1.0-SNAPSHOT-runner.jar[27596] INFO  [io.quarkus] (main) Installed features: [agroal, cdi, hibernate-orm, jdbc-postgresql, narayana-jta, resteasy, resteasy-jsonb]
2019-04-04 11:09:38,067 da00528 poc-quarkus-1.0-SNAPSHOT-runner.jar[27596] INFO  [io.quarkus] (main) Quarkus stopped in 0.009s
2019-04-04 11:09:57,882 da00528 poc-quarkus-1.0-SNAPSHOT-runner.jar[28372] DEBUG [org.hib.Version] (main) HHH000412: Hibernate Core {5.4.1.Final}
2019-04-04 11:09:57,929 da00528 poc-quarkus-1.0-SNAPSHOT-runner.jar[28372] DEBUG [org.hib.ann.com.Version] (main) HCANN000001: Hibernate Commons Annotations {5.1.0.Final}
2019-04-04 11:09:58,058 da00528 poc-quarkus-1.0-SNAPSHOT-runner.jar[28372] DEBUG [org.hib.dia.Dialect] (main) HHH000400: Using dialect: org.hibernate.dialect.PostgreSQL95Dialect
2019-04-04 11:09:58,728 da00528 poc-quarkus-1.0-SNAPSHOT-runner.jar[28372] DEBUG [com.arj.ats.arjuna] (main) ARJUNA012170: TransactionStatusManager started on port 35305 and host 127.0.0.1 with service com.arjuna.ats.arjuna.recovery.ActionStatusService
2019-04-04 11:09:58,862 da00528 poc-quarkus-1.0-SNAPSHOT-runner.jar[28372] DEBUG [org.hib.orm.beans] (main) HHH10005002: No explicit CDI BeanManager reference was passed to Hibernate, but CDI is available on the Hibernate ClassLoader.
2019-04-04 11:09:59,025 da00528 poc-quarkus-1.0-SNAPSHOT-runner.jar[28372] DEBUG [org.hib.eng.tra.jta.pla.int.JtaPlatformInitiator] (main) HHH000490: Using JtaPlatform implementation: [org.hibernate.engine.transaction.jta.platform.internal.JBossStandAloneJtaPlatform]
2019-04-04 11:09:59,318 da00528 poc-quarkus-1.0-SNAPSHOT-runner.jar[28372] DEBUG [org.xnio] (main) XNIO version 3.7.0.Final
2019-04-04 11:09:59,333 da00528 poc-quarkus-1.0-SNAPSHOT-runner.jar[28372] DEBUG [org.xni.nio] (main) XNIO NIO Implementation Version 3.7.0.Final
2019-04-04 11:09:59,397 da00528 poc-quarkus-1.0-SNAPSHOT-runner.jar[28372] DEBUG [org.jbo.threads] (main) JBoss Threads version 3.0.0.Alpha4
2019-04-04 11:09:59,459 da00528 poc-quarkus-1.0-SNAPSHOT-runner.jar[28372] INFO  [io.quarkus] (main) Quarkus 0.12.0 started in 1.914s. Listening on: http://[::]:8080
2019-04-04 11:09:59,461 da00528 poc-quarkus-1.0-SNAPSHOT-runner.jar[28372] INFO  [io.quarkus] (main) Installed features: [agroal, cdi, hibernate-orm, jdbc-postgresql, narayana-jta, resteasy, resteasy-jsonb]
2019-04-04 11:10:17,144 da00528 poc-quarkus-1.0-SNAPSHOT-runner.jar[28372] INFO  [io.quarkus] (main) Quarkus stopped in 0.025s
2019-04-04 11:10:33,788 da00528 poc-quarkus-1.0-SNAPSHOT-runner.jar[28833] DEBUG [org.hib.Version] (main) HHH000412: Hibernate Core {5.4.1.Final}
2019-04-04 11:10:33,828 da00528 poc-quarkus-1.0-SNAPSHOT-runner.jar[28833] DEBUG [org.hib.ann.com.Version] (main) HCANN000001: Hibernate Commons Annotations {5.1.0.Final}
2019-04-04 11:10:33,926 da00528 poc-quarkus-1.0-SNAPSHOT-runner.jar[28833] DEBUG [org.hib.dia.Dialect] (main) HHH000400: Using dialect: org.hibernate.dialect.PostgreSQL95Dialect
2019-04-04 11:10:34,695 da00528 poc-quarkus-1.0-SNAPSHOT-runner.jar[28833] DEBUG [com.arj.ats.arjuna] (main) ARJUNA012170: TransactionStatusManager started on port 46681 and host 127.0.0.1 with service com.arjuna.ats.arjuna.recovery.ActionStatusService
2019-04-04 11:10:34,803 da00528 poc-quarkus-1.0-SNAPSHOT-runner.jar[28833] DEBUG [org.hib.orm.beans] (main) HHH10005002: No explicit CDI BeanManager reference was passed to Hibernate, but CDI is available on the Hibernate ClassLoader.
2019-04-04 11:10:34,953 da00528 poc-quarkus-1.0-SNAPSHOT-runner.jar[28833] DEBUG [org.hib.eng.tra.jta.pla.int.JtaPlatformInitiator] (main) HHH000490: Using JtaPlatform implementation: [org.hibernate.engine.transaction.jta.platform.internal.JBossStandAloneJtaPlatform]
2019-04-04 11:10:35,260 da00528 poc-quarkus-1.0-SNAPSHOT-runner.jar[28833] DEBUG [org.xnio] (main) XNIO version 3.7.0.Final
2019-04-04 11:10:35,276 da00528 poc-quarkus-1.0-SNAPSHOT-runner.jar[28833] DEBUG [org.xni.nio] (main) XNIO NIO Implementation Version 3.7.0.Final
2019-04-04 11:10:35,337 da00528 poc-quarkus-1.0-SNAPSHOT-runner.jar[28833] DEBUG [org.jbo.threads] (main) JBoss Threads version 3.0.0.Alpha4
2019-04-04 11:10:35,410 da00528 poc-quarkus-1.0-SNAPSHOT-runner.jar[28833] INFO  [io.quarkus] (main) Quarkus 0.12.0 started in 1.995s. Listening on: http://[::]:8080
2019-04-04 11:10:35,414 da00528 poc-quarkus-1.0-SNAPSHOT-runner.jar[28833] INFO  [io.quarkus] (main) Installed features: [agroal, cdi, hibernate-orm, jdbc-postgresql, narayana-jta, resteasy, resteasy-jsonb]
2019-04-04 11:11:16,065 da00528 poc-quarkus-1.0-SNAPSHOT-runner.jar[28833] INFO  [io.quarkus] (main) Quarkus stopped in 0.022s
2019-04-04 11:59:35,642 da00528 poc-quarkus-1.0-SNAPSHOT-runner.jar[26509] DEBUG [org.hib.Version] (main) HHH000412: Hibernate Core {5.4.1.Final}
2019-04-04 11:59:35,688 da00528 poc-quarkus-1.0-SNAPSHOT-runner.jar[26509] DEBUG [org.hib.ann.com.Version] (main) HCANN000001: Hibernate Commons Annotations {5.1.0.Final}
2019-04-04 11:59:35,789 da00528 poc-quarkus-1.0-SNAPSHOT-runner.jar[26509] DEBUG [org.hib.dia.Dialect] (main) HHH000400: Using dialect: org.hibernate.dialect.PostgreSQL95Dialect
2019-04-04 11:59:36,411 da00528 poc-quarkus-1.0-SNAPSHOT-runner.jar[26509] DEBUG [com.arj.ats.arjuna] (main) ARJUNA012170: TransactionStatusManager started on port 37535 and host 127.0.0.1 with service com.arjuna.ats.arjuna.recovery.ActionStatusService
2019-04-04 11:59:36,558 da00528 poc-quarkus-1.0-SNAPSHOT-runner.jar[26509] DEBUG [org.hib.orm.beans] (main) HHH10005002: No explicit CDI BeanManager reference was passed to Hibernate, but CDI is available on the Hibernate ClassLoader.
2019-04-04 11:59:36,724 da00528 poc-quarkus-1.0-SNAPSHOT-runner.jar[26509] DEBUG [org.hib.eng.tra.jta.pla.int.JtaPlatformInitiator] (main) HHH000490: Using JtaPlatform implementation: [org.hibernate.engine.transaction.jta.platform.internal.JBossStandAloneJtaPlatform]
2019-04-04 11:59:37,057 da00528 poc-quarkus-1.0-SNAPSHOT-runner.jar[26509] DEBUG [org.xnio] (main) XNIO version 3.7.0.Final
2019-04-04 11:59:37,073 da00528 poc-quarkus-1.0-SNAPSHOT-runner.jar[26509] DEBUG [org.xni.nio] (main) XNIO NIO Implementation Version 3.7.0.Final
2019-04-04 11:59:37,155 da00528 poc-quarkus-1.0-SNAPSHOT-runner.jar[26509] DEBUG [org.jbo.threads] (main) JBoss Threads version 3.0.0.Alpha4
2019-04-04 11:59:37,218 da00528 poc-quarkus-1.0-SNAPSHOT-runner.jar[26509] INFO  [io.quarkus] (main) Quarkus 0.12.0 started in 1.931s. Listening on: http://[::]:8080
2019-04-04 11:59:37,221 da00528 poc-quarkus-1.0-SNAPSHOT-runner.jar[26509] INFO  [io.quarkus] (main) Installed features: [agroal, cdi, hibernate-orm, jdbc-postgresql, narayana-jta, resteasy, resteasy-jsonb]
2019-04-04 12:05:51,135 da00528 poc-quarkus-1.0-SNAPSHOT-runner.jar[26509] INFO  [io.quarkus] (main) Quarkus stopped in 0.009s
2019-04-04 12:06:08,079 da00528 poc-quarkus-1.0-SNAPSHOT-runner.jar[30834] DEBUG [org.hib.Version] (main) HHH000412: Hibernate Core {5.4.1.Final}
2019-04-04 12:06:08,125 da00528 poc-quarkus-1.0-SNAPSHOT-runner.jar[30834] DEBUG [org.hib.ann.com.Version] (main) HCANN000001: Hibernate Commons Annotations {5.1.0.Final}
2019-04-04 12:06:08,240 da00528 poc-quarkus-1.0-SNAPSHOT-runner.jar[30834] DEBUG [org.hib.dia.Dialect] (main) HHH000400: Using dialect: org.hibernate.dialect.PostgreSQL95Dialect
2019-04-04 12:06:08,861 da00528 poc-quarkus-1.0-SNAPSHOT-runner.jar[30834] DEBUG [com.arj.ats.arjuna] (main) ARJUNA012170: TransactionStatusManager started on port 43457 and host 127.0.0.1 with service com.arjuna.ats.arjuna.recovery.ActionStatusService
2019-04-04 12:06:08,995 da00528 poc-quarkus-1.0-SNAPSHOT-runner.jar[30834] DEBUG [org.hib.orm.beans] (main) HHH10005002: No explicit CDI BeanManager reference was passed to Hibernate, but CDI is available on the Hibernate ClassLoader.
2019-04-04 12:06:09,146 da00528 poc-quarkus-1.0-SNAPSHOT-runner.jar[30834] DEBUG [org.hib.eng.tra.jta.pla.int.JtaPlatformInitiator] (main) HHH000490: Using JtaPlatform implementation: [org.hibernate.engine.transaction.jta.platform.internal.JBossStandAloneJtaPlatform]
2019-04-04 12:06:09,434 da00528 poc-quarkus-1.0-SNAPSHOT-runner.jar[30834] DEBUG [org.xnio] (main) XNIO version 3.7.0.Final
2019-04-04 12:06:09,452 da00528 poc-quarkus-1.0-SNAPSHOT-runner.jar[30834] DEBUG [org.xni.nio] (main) XNIO NIO Implementation Version 3.7.0.Final
2019-04-04 12:06:09,519 da00528 poc-quarkus-1.0-SNAPSHOT-runner.jar[30834] DEBUG [org.jbo.threads] (main) JBoss Threads version 3.0.0.Alpha4
2019-04-04 12:06:09,601 da00528 poc-quarkus-1.0-SNAPSHOT-runner.jar[30834] INFO  [io.quarkus] (main) Quarkus 0.12.0 started in 1.893s. Listening on: http://[::]:8080
2019-04-04 12:06:09,605 da00528 poc-quarkus-1.0-SNAPSHOT-runner.jar[30834] INFO  [io.quarkus] (main) Installed features: [agroal, cdi, hibernate-orm, jdbc-postgresql, narayana-jta, resteasy, resteasy-jsonb]
2019-04-04 12:08:16,505 da00528 poc-quarkus-1.0-SNAPSHOT-runner.jar[30834] INFO  [io.quarkus] (main) Quarkus stopped in 0.031s
2019-04-04 12:09:11,248 da00528 poc-quarkus-1.0-SNAPSHOT-runner.jar[32436] DEBUG [org.hib.Version] (main) HHH000412: Hibernate Core {5.4.1.Final}
2019-04-04 12:09:11,293 da00528 poc-quarkus-1.0-SNAPSHOT-runner.jar[32436] DEBUG [org.hib.ann.com.Version] (main) HCANN000001: Hibernate Commons Annotations {5.1.0.Final}
2019-04-04 12:09:11,405 da00528 poc-quarkus-1.0-SNAPSHOT-runner.jar[32436] DEBUG [org.hib.dia.Dialect] (main) HHH000400: Using dialect: org.hibernate.dialect.PostgreSQL95Dialect
2019-04-04 12:09:12,127 da00528 poc-quarkus-1.0-SNAPSHOT-runner.jar[32436] DEBUG [com.arj.ats.arjuna] (main) ARJUNA012170: TransactionStatusManager started on port 46057 and host 127.0.0.1 with service com.arjuna.ats.arjuna.recovery.ActionStatusService
2019-04-04 12:09:12,247 da00528 poc-quarkus-1.0-SNAPSHOT-runner.jar[32436] DEBUG [org.hib.orm.beans] (main) HHH10005002: No explicit CDI BeanManager reference was passed to Hibernate, but CDI is available on the Hibernate ClassLoader.
2019-04-04 12:09:12,405 da00528 poc-quarkus-1.0-SNAPSHOT-runner.jar[32436] DEBUG [org.hib.eng.tra.jta.pla.int.JtaPlatformInitiator] (main) HHH000490: Using JtaPlatform implementation: [org.hibernate.engine.transaction.jta.platform.internal.JBossStandAloneJtaPlatform]
2019-04-04 12:09:12,681 da00528 poc-quarkus-1.0-SNAPSHOT-runner.jar[32436] DEBUG [org.xnio] (main) XNIO version 3.7.0.Final
2019-04-04 12:09:12,698 da00528 poc-quarkus-1.0-SNAPSHOT-runner.jar[32436] DEBUG [org.xni.nio] (main) XNIO NIO Implementation Version 3.7.0.Final
2019-04-04 12:09:12,771 da00528 poc-quarkus-1.0-SNAPSHOT-runner.jar[32436] DEBUG [org.jbo.threads] (main) JBoss Threads version 3.0.0.Alpha4
2019-04-04 12:09:12,841 da00528 poc-quarkus-1.0-SNAPSHOT-runner.jar[32436] INFO  [io.quarkus] (main) Quarkus 0.12.0 started in 1.946s. Listening on: http://[::]:8080
2019-04-04 12:09:12,844 da00528 poc-quarkus-1.0-SNAPSHOT-runner.jar[32436] INFO  [io.quarkus] (main) Installed features: [agroal, cdi, hibernate-orm, jdbc-postgresql, narayana-jta, resteasy, resteasy-jsonb]
2019-04-04 12:09:51,631 da00528 poc-quarkus-1.0-SNAPSHOT-runner.jar[32436] INFO  [io.quarkus] (main) Quarkus stopped in 0.026s
2019-04-04 13:56:10,327 da00528 poc-quarkus-1.0-SNAPSHOT-runner.jar[26452] DEBUG [org.hib.Version] (main) HHH000412: Hibernate Core {5.4.1.Final}
2019-04-04 13:56:10,367 da00528 poc-quarkus-1.0-SNAPSHOT-runner.jar[26452] DEBUG [org.hib.ann.com.Version] (main) HCANN000001: Hibernate Commons Annotations {5.1.0.Final}
2019-04-04 13:56:10,497 da00528 poc-quarkus-1.0-SNAPSHOT-runner.jar[26452] DEBUG [org.hib.dia.Dialect] (main) HHH000400: Using dialect: org.hibernate.dialect.PostgreSQL95Dialect
2019-04-04 13:56:11,198 da00528 poc-quarkus-1.0-SNAPSHOT-runner.jar[26452] DEBUG [com.arj.ats.arjuna] (main) ARJUNA012170: TransactionStatusManager started on port 46303 and host 127.0.0.1 with service com.arjuna.ats.arjuna.recovery.ActionStatusService
2019-04-04 13:56:11,312 da00528 poc-quarkus-1.0-SNAPSHOT-runner.jar[26452] DEBUG [org.hib.orm.beans] (main) HHH10005002: No explicit CDI BeanManager reference was passed to Hibernate, but CDI is available on the Hibernate ClassLoader.
2019-04-04 13:56:11,545 da00528 poc-quarkus-1.0-SNAPSHOT-runner.jar[26452] DEBUG [org.hib.eng.tra.jta.pla.int.JtaPlatformInitiator] (main) HHH000490: Using JtaPlatform implementation: [org.hibernate.engine.transaction.jta.platform.internal.JBossStandAloneJtaPlatform]
2019-04-04 13:56:11,605 da00528 poc-quarkus-1.0-SNAPSHOT-runner.jar[26452] WARN  [org.hib.eng.jdb.spi.SqlExceptionHelper] (main) SQL Error: 0, SQLState: null
2019-04-04 13:56:11,605 da00528 poc-quarkus-1.0-SNAPSHOT-runner.jar[26452] ERROR [org.hib.eng.jdb.spi.SqlExceptionHelper] (main) Exception while creating new connection
2019-04-04 14:11:58,180 da00528 poc-quarkus-1.0-SNAPSHOT-runner.jar[10760] DEBUG [org.hib.Version] (main) HHH000412: Hibernate Core {5.4.1.Final}
2019-04-04 14:11:58,220 da00528 poc-quarkus-1.0-SNAPSHOT-runner.jar[10760] DEBUG [org.hib.ann.com.Version] (main) HCANN000001: Hibernate Commons Annotations {5.1.0.Final}
2019-04-04 14:11:58,327 da00528 poc-quarkus-1.0-SNAPSHOT-runner.jar[10760] DEBUG [org.hib.dia.Dialect] (main) HHH000400: Using dialect: org.hibernate.dialect.PostgreSQL95Dialect
2019-04-04 14:11:58,939 da00528 poc-quarkus-1.0-SNAPSHOT-runner.jar[10760] DEBUG [com.arj.ats.arjuna] (main) ARJUNA012170: TransactionStatusManager started on port 33401 and host 127.0.0.1 with service com.arjuna.ats.arjuna.recovery.ActionStatusService
2019-04-04 14:11:59,063 da00528 poc-quarkus-1.0-SNAPSHOT-runner.jar[10760] DEBUG [org.hib.orm.beans] (main) HHH10005002: No explicit CDI BeanManager reference was passed to Hibernate, but CDI is available on the Hibernate ClassLoader.
2019-04-04 14:11:59,328 da00528 poc-quarkus-1.0-SNAPSHOT-runner.jar[10760] DEBUG [org.hib.eng.tra.jta.pla.int.JtaPlatformInitiator] (main) HHH000490: Using JtaPlatform implementation: [org.hibernate.engine.transaction.jta.platform.internal.JBossStandAloneJtaPlatform]
2019-04-04 14:11:59,743 da00528 poc-quarkus-1.0-SNAPSHOT-runner.jar[10760] DEBUG [org.xnio] (main) XNIO version 3.7.0.Final
2019-04-04 14:11:59,759 da00528 poc-quarkus-1.0-SNAPSHOT-runner.jar[10760] DEBUG [org.xni.nio] (main) XNIO NIO Implementation Version 3.7.0.Final
2019-04-04 14:11:59,848 da00528 poc-quarkus-1.0-SNAPSHOT-runner.jar[10760] DEBUG [org.jbo.threads] (main) JBoss Threads version 3.0.0.Alpha4
2019-04-04 14:11:59,910 da00528 poc-quarkus-1.0-SNAPSHOT-runner.jar[10760] INFO  [io.quarkus] (main) Quarkus 0.12.0 started in 2.018s. Listening on: http://[::]:8080
2019-04-04 14:11:59,912 da00528 poc-quarkus-1.0-SNAPSHOT-runner.jar[10760] INFO  [io.quarkus] (main) Installed features: [agroal, cdi, hibernate-orm, jdbc-postgresql, narayana-jta, resteasy, resteasy-jsonb]
2019-04-04 14:12:02,123 da00528 poc-quarkus-1.0-SNAPSHOT-runner.jar[10760] INFO  [io.quarkus] (main) Quarkus stopped in 0.084s
2019-04-04 14:12:07,679 da00528 poc-quarkus-1.0-SNAPSHOT-runner.jar[10855] DEBUG [org.hib.Version] (main) HHH000412: Hibernate Core {5.4.1.Final}
2019-04-04 14:12:07,717 da00528 poc-quarkus-1.0-SNAPSHOT-runner.jar[10855] DEBUG [org.hib.ann.com.Version] (main) HCANN000001: Hibernate Commons Annotations {5.1.0.Final}
2019-04-04 14:12:07,805 da00528 poc-quarkus-1.0-SNAPSHOT-runner.jar[10855] DEBUG [org.hib.dia.Dialect] (main) HHH000400: Using dialect: org.hibernate.dialect.PostgreSQL95Dialect
2019-04-04 14:12:08,369 da00528 poc-quarkus-1.0-SNAPSHOT-runner.jar[10855] DEBUG [com.arj.ats.arjuna] (main) ARJUNA012170: TransactionStatusManager started on port 46145 and host 127.0.0.1 with service com.arjuna.ats.arjuna.recovery.ActionStatusService
2019-04-04 14:12:08,491 da00528 poc-quarkus-1.0-SNAPSHOT-runner.jar[10855] DEBUG [org.hib.orm.beans] (main) HHH10005002: No explicit CDI BeanManager reference was passed to Hibernate, but CDI is available on the Hibernate ClassLoader.
2019-04-04 14:12:08,733 da00528 poc-quarkus-1.0-SNAPSHOT-runner.jar[10855] DEBUG [org.hib.eng.tra.jta.pla.int.JtaPlatformInitiator] (main) HHH000490: Using JtaPlatform implementation: [org.hibernate.engine.transaction.jta.platform.internal.JBossStandAloneJtaPlatform]
2019-04-04 14:12:09,415 da00528 poc-quarkus-1.0-SNAPSHOT-runner.jar[10855] DEBUG [org.xnio] (main) XNIO version 3.7.0.Final
2019-04-04 14:12:09,445 da00528 poc-quarkus-1.0-SNAPSHOT-runner.jar[10855] DEBUG [org.xni.nio] (main) XNIO NIO Implementation Version 3.7.0.Final
2019-04-04 14:12:09,597 da00528 poc-quarkus-1.0-SNAPSHOT-runner.jar[10855] DEBUG [org.jbo.threads] (main) JBoss Threads version 3.0.0.Alpha4
2019-04-04 14:12:09,736 da00528 poc-quarkus-1.0-SNAPSHOT-runner.jar[10855] INFO  [io.quarkus] (main) Quarkus 0.12.0 started in 2.374s. Listening on: http://[::]:8080
2019-04-04 14:12:09,739 da00528 poc-quarkus-1.0-SNAPSHOT-runner.jar[10855] INFO  [io.quarkus] (main) Installed features: [agroal, cdi, hibernate-orm, jdbc-postgresql, narayana-jta, resteasy, resteasy-jsonb]
2019-04-04 14:12:11,385 da00528 poc-quarkus-1.0-SNAPSHOT-runner.jar[10855] INFO  [io.quarkus] (main) Quarkus stopped in 0.080s
2019-04-04 14:12:17,031 da00528 poc-quarkus-1.0-SNAPSHOT-runner.jar[10959] DEBUG [org.hib.Version] (main) HHH000412: Hibernate Core {5.4.1.Final}
2019-04-04 14:12:17,087 da00528 poc-quarkus-1.0-SNAPSHOT-runner.jar[10959] DEBUG [org.hib.ann.com.Version] (main) HCANN000001: Hibernate Commons Annotations {5.1.0.Final}
2019-04-04 14:12:17,201 da00528 poc-quarkus-1.0-SNAPSHOT-runner.jar[10959] DEBUG [org.hib.dia.Dialect] (main) HHH000400: Using dialect: org.hibernate.dialect.PostgreSQL95Dialect
2019-04-04 14:12:18,009 da00528 poc-quarkus-1.0-SNAPSHOT-runner.jar[10959] DEBUG [com.arj.ats.arjuna] (main) ARJUNA012170: TransactionStatusManager started on port 45675 and host 127.0.0.1 with service com.arjuna.ats.arjuna.recovery.ActionStatusService
2019-04-04 14:12:18,637 da00528 poc-quarkus-1.0-SNAPSHOT-runner.jar[10959] DEBUG [org.hib.orm.beans] (main) HHH10005002: No explicit CDI BeanManager reference was passed to Hibernate, but CDI is available on the Hibernate ClassLoader.
2019-04-04 14:12:19,709 da00528 poc-quarkus-1.0-SNAPSHOT-runner.jar[10959] DEBUG [org.hib.eng.tra.jta.pla.int.JtaPlatformInitiator] (main) HHH000490: Using JtaPlatform implementation: [org.hibernate.engine.transaction.jta.platform.internal.JBossStandAloneJtaPlatform]
2019-04-04 14:12:30,384 da00528 poc-quarkus-1.0-SNAPSHOT-runner.jar[11101] DEBUG [org.hib.Version] (main) HHH000412: Hibernate Core {5.4.1.Final}
2019-04-04 14:12:30,438 da00528 poc-quarkus-1.0-SNAPSHOT-runner.jar[11101] DEBUG [org.hib.ann.com.Version] (main) HCANN000001: Hibernate Commons Annotations {5.1.0.Final}
2019-04-04 14:12:30,541 da00528 poc-quarkus-1.0-SNAPSHOT-runner.jar[11101] DEBUG [org.hib.dia.Dialect] (main) HHH000400: Using dialect: org.hibernate.dialect.PostgreSQL95Dialect
2019-04-04 14:12:31,297 da00528 poc-quarkus-1.0-SNAPSHOT-runner.jar[11101] DEBUG [com.arj.ats.arjuna] (main) ARJUNA012170: TransactionStatusManager started on port 38539 and host 127.0.0.1 with service com.arjuna.ats.arjuna.recovery.ActionStatusService
2019-04-04 14:12:31,837 da00528 poc-quarkus-1.0-SNAPSHOT-runner.jar[11101] DEBUG [org.hib.orm.beans] (main) HHH10005002: No explicit CDI BeanManager reference was passed to Hibernate, but CDI is available on the Hibernate ClassLoader.
2019-04-04 14:12:32,919 da00528 poc-quarkus-1.0-SNAPSHOT-runner.jar[11101] DEBUG [org.hib.eng.tra.jta.pla.int.JtaPlatformInitiator] (main) HHH000490: Using JtaPlatform implementation: [org.hibernate.engine.transaction.jta.platform.internal.JBossStandAloneJtaPlatform]
2019-04-04 14:12:42,885 da00528 poc-quarkus-1.0-SNAPSHOT-runner.jar[11194] DEBUG [org.hib.Version] (main) HHH000412: Hibernate Core {5.4.1.Final}
2019-04-04 14:12:42,922 da00528 poc-quarkus-1.0-SNAPSHOT-runner.jar[11194] DEBUG [org.hib.ann.com.Version] (main) HCANN000001: Hibernate Commons Annotations {5.1.0.Final}
2019-04-04 14:12:43,028 da00528 poc-quarkus-1.0-SNAPSHOT-runner.jar[11194] DEBUG [org.hib.dia.Dialect] (main) HHH000400: Using dialect: org.hibernate.dialect.PostgreSQL95Dialect
2019-04-04 14:12:43,601 da00528 poc-quarkus-1.0-SNAPSHOT-runner.jar[11194] DEBUG [com.arj.ats.arjuna] (main) ARJUNA012170: TransactionStatusManager started on port 36113 and host 127.0.0.1 with service com.arjuna.ats.arjuna.recovery.ActionStatusService
2019-04-04 14:12:43,719 da00528 poc-quarkus-1.0-SNAPSHOT-runner.jar[11194] DEBUG [org.hib.orm.beans] (main) HHH10005002: No explicit CDI BeanManager reference was passed to Hibernate, but CDI is available on the Hibernate ClassLoader.
2019-04-04 14:12:43,966 da00528 poc-quarkus-1.0-SNAPSHOT-runner.jar[11194] DEBUG [org.hib.eng.tra.jta.pla.int.JtaPlatformInitiator] (main) HHH000490: Using JtaPlatform implementation: [org.hibernate.engine.transaction.jta.platform.internal.JBossStandAloneJtaPlatform]
2019-04-04 14:12:44,620 da00528 poc-quarkus-1.0-SNAPSHOT-runner.jar[11194] DEBUG [org.xnio] (main) XNIO version 3.7.0.Final
2019-04-04 14:12:44,676 da00528 poc-quarkus-1.0-SNAPSHOT-runner.jar[11194] DEBUG [org.xni.nio] (main) XNIO NIO Implementation Version 3.7.0.Final
2019-04-04 14:12:44,807 da00528 poc-quarkus-1.0-SNAPSHOT-runner.jar[11194] DEBUG [org.jbo.threads] (main) JBoss Threads version 3.0.0.Alpha4
2019-04-04 14:12:45,016 da00528 poc-quarkus-1.0-SNAPSHOT-runner.jar[11194] INFO  [io.quarkus] (main) Quarkus 0.12.0 started in 2.426s. Listening on: http://[::]:8080
2019-04-04 14:12:45,018 da00528 poc-quarkus-1.0-SNAPSHOT-runner.jar[11194] INFO  [io.quarkus] (main) Installed features: [agroal, cdi, hibernate-orm, jdbc-postgresql, narayana-jta, resteasy, resteasy-jsonb]
